<?xml version="1.0" encoding="UTF-8"?>
<!-- Generated by org.testng.reporters.JUnitXMLReporter -->
<testsuite hostname="LAPTOP-NJQGIOLU" ignored="1" name="Default test" tests="1" failures="0" timestamp="25 Jan 2019 19:49:51 GMT" time="1.774" errors="0">
  <testcase name="simpleGetRequest" time="1.502" classname="com.app.tests.RestAPITesting"/>
  <testcase name="printBody" time="0.0" classname="com.app.tests.RestAPITesting">
    <ignored/>
  </testcase> <!-- printBody -->
</testsuite> <!-- Default test -->
