<?xml version="1.0" encoding="UTF-8"?>
<testng-results skipped="0" failed="0" ignored="1" total="2" passed="1">
  <reporter-output>
  </reporter-output>
  <suite name="Default suite" duration-ms="1774" started-at="2019-01-25T19:49:49Z" finished-at="2019-01-25T19:49:51Z">
    <groups>
    </groups>
    <test name="Default test" duration-ms="1774" started-at="2019-01-25T19:49:49Z" finished-at="2019-01-25T19:49:51Z">
      <class name="com.app.tests.RestAPITesting">
        <test-method status="PASS" signature="setUp()[pri:0, instance:com.app.tests.RestAPITesting@31a5c39e]" name="setUp" is-config="true" duration-ms="255" started-at="2019-01-25T19:49:49Z" finished-at="2019-01-25T19:49:49Z">
          <reporter-output>
          </reporter-output>
        </test-method> <!-- setUp -->
        <test-method status="PASS" signature="simpleGetRequest()[pri:0, instance:com.app.tests.RestAPITesting@31a5c39e]" name="simpleGetRequest" duration-ms="1502" started-at="2019-01-25T19:49:49Z" finished-at="2019-01-25T19:49:51Z">
          <reporter-output>
          </reporter-output>
        </test-method> <!-- simpleGetRequest -->
      </class> <!-- com.app.tests.RestAPITesting -->
    </test> <!-- Default test -->
  </suite> <!-- Default suite -->
</testng-results>
